0 info it worked if it ends with ok
1 verbose cli [ 'C:\\Program Files\\nodejs\\node.exe',
1 verbose cli   'C:\\Users\\abc\\Documents\\BitBytes\\Projects\\JoyUpCloverAPI\\node_modules\\npm\\bin\\npm-cli.js',
1 verbose cli   'run',
1 verbose cli   'cross-env',
1 verbose cli   'NODE_ENV=development',
1 verbose cli   'PORT=5000',
1 verbose cli   'NODE_ENV=development',
1 verbose cli   'babel-node',
1 verbose cli   'app.js',
1 verbose cli   '--presets',
1 verbose cli   'es2015',
1 verbose cli   'stage-2' ]
2 info using npm@3.10.10
3 info using node@v8.9.4
4 warn invalid config loglevel="notice"
5 verbose stack Error: missing script: cross-env
5 verbose stack     at run (C:\Users\abc\Documents\BitBytes\Projects\JoyUpCloverAPI\node_modules\npm\lib\run-script.js:151:19)
5 verbose stack     at C:\Users\abc\Documents\BitBytes\Projects\JoyUpCloverAPI\node_modules\npm\lib\run-script.js:61:5
5 verbose stack     at C:\Users\abc\Documents\BitBytes\Projects\JoyUpCloverAPI\node_modules\npm\node_modules\read-package-json\read-json.js:356:5
5 verbose stack     at checkBinReferences_ (C:\Users\abc\Documents\BitBytes\Projects\JoyUpCloverAPI\node_modules\npm\node_modules\read-package-json\read-json.js:320:45)
5 verbose stack     at final (C:\Users\abc\Documents\BitBytes\Projects\JoyUpCloverAPI\node_modules\npm\node_modules\read-package-json\read-json.js:354:3)
5 verbose stack     at then (C:\Users\abc\Documents\BitBytes\Projects\JoyUpCloverAPI\node_modules\npm\node_modules\read-package-json\read-json.js:124:5)
5 verbose stack     at C:\Users\abc\Documents\BitBytes\Projects\JoyUpCloverAPI\node_modules\npm\node_modules\read-package-json\read-json.js:311:12
5 verbose stack     at C:\Users\abc\Documents\BitBytes\Projects\JoyUpCloverAPI\node_modules\npm\node_modules\graceful-fs\graceful-fs.js:78:16
5 verbose stack     at FSReqWrap.readFileAfterClose [as oncomplete] (fs.js:511:3)
6 verbose cwd C:\Users\abc\Documents\BitBytes\Projects\JoyUpCloverAPI
7 error Windows_NT 10.0.17134
8 error argv "C:\\Program Files\\nodejs\\node.exe" "C:\\Users\\abc\\Documents\\BitBytes\\Projects\\JoyUpCloverAPI\\node_modules\\npm\\bin\\npm-cli.js" "run" "cross-env" "NODE_ENV=development" "PORT=5000" "NODE_ENV=development" "babel-node" "app.js" "--presets" "es2015" "stage-2"
9 error node v8.9.4
10 error npm  v3.10.10
11 error missing script: cross-env
12 error If you need help, you may report this error at:
12 error     <https://github.com/npm/npm/issues>
13 verbose exit [ 1, true ]
